<?xml version="1.0" encoding="UTF-8"?>
<!-- Generated by org.testng.reporters.JUnitReportReporter -->
<testsuite skipped="0" hostname="ISCRENT60" name="testRunnerClass.SingleReceiptRunner" tests="7" failures="0" timestamp="2020-10-05T23:15:26 PDT" time="130.340" errors="0">
  <testcase name="runScenario" time="28.803" classname="testRunnerClass.SingleReceiptRunner"/>
  <system-out/>
  <testcase name="runScenario" time="20.773" classname="testRunnerClass.SingleReceiptRunner"/>
  <system-out/>
  <testcase name="runScenario" time="2.077" classname="testRunnerClass.SingleReceiptRunner"/>
  <system-out/>
  <testcase name="runScenario" time="8.879" classname="testRunnerClass.SingleReceiptRunner"/>
  <system-out/>
  <testcase name="runScenario" time="20.754" classname="testRunnerClass.SingleReceiptRunner"/>
  <system-out/>
  <testcase name="runScenario" time="40.247" classname="testRunnerClass.SingleReceiptRunner"/>
  <system-out/>
  <testcase name="runScenario" time="8.807" classname="testRunnerClass.SingleReceiptRunner"/>
  <system-out/>
</testsuite> <!-- testRunnerClass.SingleReceiptRunner -->
